# JRE version: OpenJDK Runtime Environment GraalVM CE 22.2.0 (11.0.16+8) (build 11.0.16+8-jvmci-22.2-b06)
# Java VM: OpenJDK 64-Bit Server VM GraalVM CE 22.2.0 (11.0.16+8-jvmci-22.2-b06, mixed mode, sharing, tiered, jvmci, jvmci compiler, compressed oops, g1 gc, linux-amd64)
Heap:
 garbage-first heap   total 346112K, used 201069K [0x0000000726800000, 0x0000000800000000)
  region size 1024K, 58 young (59392K), 10 survivors (10240K)
 Metaspace       used 31441K, capacity 32477K, committed 32816K, reserved 1079296K
  class space    used 3248K, capacity 3592K, committed 3712K, reserved 1048576K
GC Heap History (20 events):
Event: 0.510 GC heap before
{Heap before GC invocations=0 (full 0):
 garbage-first heap   total 225280K, used 24296K [0x0000000726800000, 0x0000000800000000)
  region size 1024K, 24 young (24576K), 0 survivors (0K)
 Metaspace       used 5924K, capacity 7890K, committed 8192K, reserved 1056768K
  class space    used 657K, capacity 908K, committed 1024K, reserved 1048576K
}
Event: 0.518 GC heap after
{Heap after GC invocations=1 (full 0):
 garbage-first heap   total 225280K, used 4021K [0x0000000726800000, 0x0000000800000000)
  region size 1024K, 3 young (3072K), 3 survivors (3072K)
 Metaspace       used 5924K, capacity 7890K, committed 8192K, reserved 1056768K
  class space    used 657K, capacity 908K, committed 1024K, reserved 1048576K
}
Event: 1.624 GC heap before
{Heap before GC invocations=1 (full 0):
 garbage-first heap   total 225280K, used 134069K [0x0000000726800000, 0x0000000800000000)
  region size 1024K, 130 young (133120K), 3 survivors (3072K)
 Metaspace       used 14272K, capacity 15359K, committed 15616K, reserved 1062912K
  class space    used 1514K, capacity 1780K, committed 1792K, reserved 1048576K
}
Event: 1.638 GC heap after
{Heap after GC invocations=2 (full 0):
 garbage-first heap   total 225280K, used 14181K [0x0000000726800000, 0x0000000800000000)
  region size 1024K, 13 young (13312K), 13 survivors (13312K)
 Metaspace       used 14272K, capacity 15359K, committed 15616K, reserved 1062912K
  class space    used 1514K, capacity 1780K, committed 1792K, reserved 1048576K
}
Event: 2.258 GC heap before
{Heap before GC invocations=2 (full 0):
 garbage-first heap   total 225280K, used 133989K [0x0000000726800000, 0x0000000800000000)
  region size 1024K, 130 young (133120K), 13 survivors (13312K)
 Metaspace       used 16786K, capacity 17594K, committed 17920K, reserved 1064960K
  class space    used 1682K, capacity 1953K, committed 2048K, reserved 1048576K
}
Event: 2.278 GC heap after
{Heap after GC invocations=3 (full 0):
 garbage-first heap   total 225280K, used 30113K [0x0000000726800000, 0x0000000800000000)
  region size 1024K, 16 young (16384K), 16 survivors (16384K)
 Metaspace       used 16786K, capacity 17594K, committed 17920K, reserved 1064960K
  class space    used 1682K, capacity 1953K, committed 2048K, reserved 1048576K
}
Event: 2.581 GC heap before
{Heap before GC invocations=3 (full 0):
 garbage-first heap   total 225280K, used 146849K [0x0000000726800000, 0x0000000800000000)
  region size 1024K, 130 young (133120K), 16 survivors (16384K)
 Metaspace       used 17067K, capacity 17794K, committed 17920K, reserved 1064960K
  class space    used 1683K, capacity 1955K, committed 2048K, reserved 1048576K
}
Event: 2.598 GC heap after
{Heap after GC invocations=4 (full 0):
 garbage-first heap   total 225280K, used 50571K [0x0000000726800000, 0x0000000800000000)
  region size 1024K, 17 young (17408K), 17 survivors (17408K)
 Metaspace       used 17067K, capacity 17794K, committed 17920K, reserved 1064960K
  class space    used 1683K, capacity 1955K, committed 2048K, reserved 1048576K
}
Event: 3.051 GC heap before
{Heap before GC invocations=4 (full 0):
 garbage-first heap   total 225280K, used 114059K [0x0000000726800000, 0x0000000800000000)
  region size 1024K, 80 young (81920K), 17 survivors (17408K)
 Metaspace       used 20434K, capacity 21109K, committed 21296K, reserved 1069056K
  class space    used 2037K, capacity 2315K, committed 2432K, reserved 1048576K
}
Event: 3.065 GC heap after
{Heap after GC invocations=5 (full 0):
 garbage-first heap   total 286720K, used 56552K [0x0000000726800000, 0x0000000800000000)
  region size 1024K, 5 young (5120K), 5 survivors (5120K)
 Metaspace       used 20434K, capacity 21109K, committed 21296K, reserved 1069056K
  class space    used 2037K, capacity 2315K, committed 2432K, reserved 1048576K
}
Event: 3.514 GC heap before
{Heap before GC invocations=6 (full 0):
 garbage-first heap   total 286720K, used 176360K [0x0000000726800000, 0x0000000800000000)
  region size 1024K, 117 young (119808K), 5 survivors (5120K)
 Metaspace       used 21075K, capacity 21815K, committed 22064K, reserved 1069056K
  class space    used 2092K, capacity 2360K, committed 2432K, reserved 1048576K
}
Event: 3.532 GC heap after
{Heap after GC invocations=7 (full 0):
 garbage-first heap   total 286720K, used 86629K [0x0000000726800000, 0x0000000800000000)
  region size 1024K, 15 young (15360K), 15 survivors (15360K)
 Metaspace       used 21075K, capacity 21815K, committed 22064K, reserved 1069056K
  class space    used 2092K, capacity 2360K, committed 2432K, reserved 1048576K
}
Event: 3.990 GC heap before
{Heap before GC invocations=8 (full 0):
 garbage-first heap   total 286720K, used 191077K [0x0000000726800000, 0x0000000800000000)
  region size 1024K, 114 young (116736K), 15 survivors (15360K)
 Metaspace       used 21756K, capacity 22495K, committed 22704K, reserved 1069056K
  class space    used 2151K, capacity 2437K, committed 2560K, reserved 1048576K
}
Event: 4.006 GC heap after
{Heap after GC invocations=9 (full 0):
 garbage-first heap   total 286720K, used 116237K [0x0000000726800000, 0x0000000800000000)
  region size 1024K, 15 young (15360K), 15 survivors (15360K)
 Metaspace       used 21756K, capacity 22495K, committed 22704K, reserved 1069056K
  class space    used 2151K, capacity 2437K, committed 2560K, reserved 1048576K
}
Event: 4.666 GC heap before
{Heap before GC invocations=9 (full 0):
 garbage-first heap   total 286720K, used 209421K [0x0000000726800000, 0x0000000800000000)
  region size 1024K, 96 young (98304K), 15 survivors (15360K)
 Metaspace       used 29076K, capacity 30009K, committed 30256K, reserved 1077248K
  class space    used 3018K, capacity 3350K, committed 3456K, reserved 1048576K
}
Event: 4.678 GC heap after
{Heap after GC invocations=10 (full 0):
 garbage-first heap   total 286720K, used 141544K [0x0000000726800000, 0x0000000800000000)
  region size 1024K, 12 young (12288K), 12 survivors (12288K)
 Metaspace       used 29076K, capacity 30009K, committed 30256K, reserved 1077248K
  class space    used 3018K, capacity 3350K, committed 3456K, reserved 1048576K
}
Event: 4.701 GC heap before
{Heap before GC invocations=10 (full 0):
 garbage-first heap   total 286720K, used 147688K [0x0000000726800000, 0x0000000800000000)
  region size 1024K, 19 young (19456K), 12 survivors (12288K)
 Metaspace       used 29095K, capacity 30073K, committed 30256K, reserved 1077248K
  class space    used 3018K, capacity 3350K, committed 3456K, reserved 1048576K
}
Event: 4.710 GC heap after
{Heap after GC invocations=11 (full 0):
 garbage-first heap   total 346112K, used 146954K [0x0000000726800000, 0x0000000800000000)
  region size 1024K, 4 young (4096K), 4 survivors (4096K)
 Metaspace       used 29095K, capacity 30073K, committed 30256K, reserved 1077248K
  class space    used 3018K, capacity 3350K, committed 3456K, reserved 1048576K
}
Event: 5.228 GC heap before
{Heap before GC invocations=12 (full 0):
 garbage-first heap   total 346112K, used 212490K [0x0000000726800000, 0x0000000800000000)
  region size 1024K, 73 young (74752K), 4 survivors (4096K)
 Metaspace       used 31403K, capacity 32349K, committed 32560K, reserved 1079296K
  class space    used 3248K, capacity 3592K, committed 3712K, reserved 1048576K
}
Event: 5.234 GC heap after
{Heap after GC invocations=13 (full 0):
 garbage-first heap   total 346112K, used 152941K [0x0000000726800000, 0x0000000800000000)
  region size 1024K, 10 young (10240K), 10 survivors (10240K)
 Metaspace       used 31403K, capacity 32349K, committed 32560K, reserved 1079296K
  class space    used 3248K, capacity 3592K, committed 3712K, reserved 1048576K
}

